[23:26:23] [main/INFO]: Setting user: Coggroach
[23:26:26] [Client thread/INFO]: LWJGL Version: 2.9.1
[23:26:36] [Client thread/INFO]: Reloading ResourceManager: Default, FMLFileResourcePack:Forge Mod Loader, FMLFileResourcePack:Minecraft Forge, FMLFileResourcePack:Not Enough Items, FMLFileResourcePack:ArmorStatusHUD, FMLFileResourcePack:StatusEffectHUD, FMLFileResourcePack:Applied Energistics 2, FMLFileResourcePack:Aroma1997Core|Helper, FMLFileResourcePack:AromaBackup, FMLFileResourcePack:BD Lib, FMLFileResourcePack:BiblioCraft, FMLFileResourcePack:Botany, FMLFileResourcePack:Binnie Core, FMLFileResourcePack:Extra Bees, FMLFileResourcePack:Extra Trees, FMLFileResourcePack:Genetics, FMLFileResourcePack:BC Silicon, FMLFileResourcePack:BuildCraft, FMLFileResourcePack:BC Transport, FMLFileResourcePack:BC Builders, FMLFileResourcePack:BC Robotics, FMLFileResourcePack:BC Energy, FMLFileResourcePack:BC Factory, FMLFileResourcePack:CoFH Core, FMLFileResourcePack:FastCraft, FMLFileResourcePack:Forestry for Minecraft, FMLFileResourcePack:GenDustry, FMLFileResourcePack:IndustrialCraft 2, FMLFileResourcePack:Inventory Tweaks, FMLFileResourcePack:Iron Chest, FMLFileResourcePack:Mantle, FMLFileResourcePack:MineTweaker 3, FMLFileResourcePack:More Backpacks, FMLFileResourcePack:Natura, FMLFileResourcePack:NEI Addons, FMLFileResourcePack:NEI Addons: Applied Energistics 2, FMLFileResourcePack:NEI Addons: Botany, FMLFileResourcePack:NEI Addons: Forestry, FMLFileResourcePack:NEI Addons: Crafting Tables, FMLFileResourcePack:NEI Addons: Ex Nihilo, FMLFileResourcePack:NEI Integration, FMLFileResourcePack:NotEnoughKEys, FMLFileResourcePack:ProjectRed Core, FMLFileResourcePack:ProjectRed Compatibility, FMLFileResourcePack:ProjectRed Fabrication, FMLFileResourcePack:ProjectRed Integration, FMLFileResourcePack:ProjectRed Transmission, FMLFileResourcePack:ProjectRed Illumination, FMLFileResourcePack:ProjectRed Expansion, FMLFileResourcePack:ProjectRed Transportation, FMLFileResourcePack:ProjectRed Exploration, FMLFileResourcePack:Railcraft, FMLFileResourcePack:TC Node Tracker, FMLFileResourcePack:Tinkers' Construct, FMLFileResourcePack:Thaumcraft, FMLFileResourcePack:Thermal Dynamics, FMLFileResourcePack:Thermal Expansion, FMLFileResourcePack:Thermal Foundation, FMLFileResourcePack:Waila, FMLFileResourcePack:Xaero's Minimap, FMLFileResourcePack:bspkrsCore, FMLFileResourcePack:Baubles, FMLFileResourcePack:Forge Microblocks, FMLFileResourcePack:Forge Multipart, FMLFileResourcePack:Minecraft Multipart Plugin, FMLFileResourcePack:MCFrames, FMLFileResourcePack:ForgeRelocation, FMLFileResourcePack:RelocationFMP, FMLFileResourcePack:MrTJPCore, FMLFileResourcePack:Red Gear Core
[23:26:48] [Sound Library Loader/INFO]: Sound engine started
[23:26:48] [Client thread/ERROR]: Using missing texture, unable to load minecraft:textures/blocks/MISSING_ICON_BLOCK_515_bookshelf.png, java.io.FileNotFoundException
[23:26:50] [Client thread/INFO]: textures/blocks: dropping miplevel from 4 to 3, because of minTexel: 14
[23:26:50] [Client thread/INFO]: Created: 2048x1024 textures/blocks-atlas
[23:26:52] [Client thread/ERROR]: Using missing texture, unable to load redgear_core:textures/items/debugger.png, java.io.FileNotFoundException
[23:26:52] [Client thread/INFO]: Created: 1024x1024 textures/items-atlas
[23:27:05] [Client thread/INFO]: Reloading ResourceManager: Default, FMLFileResourcePack:Forge Mod Loader, FMLFileResourcePack:Minecraft Forge, FMLFileResourcePack:Not Enough Items, FMLFileResourcePack:ArmorStatusHUD, FMLFileResourcePack:StatusEffectHUD, FMLFileResourcePack:Applied Energistics 2, FMLFileResourcePack:Aroma1997Core|Helper, FMLFileResourcePack:AromaBackup, FMLFileResourcePack:BD Lib, FMLFileResourcePack:BiblioCraft, FMLFileResourcePack:Botany, FMLFileResourcePack:Binnie Core, FMLFileResourcePack:Extra Bees, FMLFileResourcePack:Extra Trees, FMLFileResourcePack:Genetics, FMLFileResourcePack:BC Silicon, FMLFileResourcePack:BuildCraft, FMLFileResourcePack:BC Transport, FMLFileResourcePack:BC Builders, FMLFileResourcePack:BC Robotics, FMLFileResourcePack:BC Energy, FMLFileResourcePack:BC Factory, FMLFileResourcePack:CoFH Core, FMLFileResourcePack:FastCraft, FMLFileResourcePack:Forestry for Minecraft, FMLFileResourcePack:GenDustry, FMLFileResourcePack:IndustrialCraft 2, FMLFileResourcePack:Inventory Tweaks, FMLFileResourcePack:Iron Chest, FMLFileResourcePack:Mantle, FMLFileResourcePack:MineTweaker 3, FMLFileResourcePack:More Backpacks, FMLFileResourcePack:Natura, FMLFileResourcePack:NEI Addons, FMLFileResourcePack:NEI Addons: Applied Energistics 2, FMLFileResourcePack:NEI Addons: Botany, FMLFileResourcePack:NEI Addons: Forestry, FMLFileResourcePack:NEI Addons: Crafting Tables, FMLFileResourcePack:NEI Addons: Ex Nihilo, FMLFileResourcePack:NEI Integration, FMLFileResourcePack:NotEnoughKEys, FMLFileResourcePack:ProjectRed Core, FMLFileResourcePack:ProjectRed Compatibility, FMLFileResourcePack:ProjectRed Fabrication, FMLFileResourcePack:ProjectRed Integration, FMLFileResourcePack:ProjectRed Transmission, FMLFileResourcePack:ProjectRed Illumination, FMLFileResourcePack:ProjectRed Expansion, FMLFileResourcePack:ProjectRed Transportation, FMLFileResourcePack:ProjectRed Exploration, FMLFileResourcePack:Railcraft, FMLFileResourcePack:TC Node Tracker, FMLFileResourcePack:Tinkers' Construct, FMLFileResourcePack:Thaumcraft, FMLFileResourcePack:Thermal Dynamics, FMLFileResourcePack:Thermal Expansion, FMLFileResourcePack:Thermal Foundation, FMLFileResourcePack:Waila, FMLFileResourcePack:Xaero's Minimap, FMLFileResourcePack:bspkrsCore, FMLFileResourcePack:Baubles, FMLFileResourcePack:Forge Microblocks, FMLFileResourcePack:Forge Multipart, FMLFileResourcePack:Minecraft Multipart Plugin, FMLFileResourcePack:MCFrames, FMLFileResourcePack:ForgeRelocation, FMLFileResourcePack:RelocationFMP, FMLFileResourcePack:MrTJPCore, FMLFileResourcePack:Red Gear Core
[23:27:06] [Client thread/ERROR]: Using missing texture, unable to load minecraft:textures/blocks/MISSING_ICON_BLOCK_515_bookshelf.png, java.io.FileNotFoundException
[23:27:08] [Client thread/INFO]: Created: 2048x2048 textures/blocks-atlas
[23:27:10] [Client thread/ERROR]: Using missing texture, unable to load buildcraft:textures/items/triggers/trigger_machine_inactive.png, java.io.FileNotFoundException
[23:27:10] [Client thread/ERROR]: Using missing texture, unable to load redgear_core:textures/items/debugger.png, java.io.FileNotFoundException
[23:27:10] [Client thread/ERROR]: Using missing texture, unable to load buildcraft:textures/items/triggers/trigger_machine_active.png, java.io.FileNotFoundException
[23:27:10] [Client thread/INFO]: Created: 2048x1024 textures/items-atlas
[23:27:11] [Sound Library Loader/INFO]: Sound engine started
[23:33:42] [Client thread/INFO]: Connecting to 86.45.80.181, 25565
[23:33:53] [Client thread/INFO]: [CHAT] InvTweaks: Configuration loaded.
[23:33:55] [Client thread/INFO]: [CHAT] <Nerrevar> what the fuck jarrod
[23:34:00] [Client thread/INFO]: [CHAT] <Coggroach> Happened to me too :L
[23:34:11] [Client thread/INFO]: [CHAT] <Nerrevar> fuck sake jarrod
[23:34:17] [Client thread/INFO]: [CHAT] <Nerrevar> of all the things :L
[23:34:22] [Client thread/INFO]: [CHAT] <Coggroach> :L
[23:34:26] [Client thread/INFO]: [CHAT] <Coggroach> I has Backups :P
[23:34:32] [Client thread/INFO]: [CHAT] <Nerrevar> damned straight
[23:34:35] [Client thread/INFO]: [CHAT] <Coggroach> Dunnno Why it did this though
[23:34:40] [Client thread/INFO]: Stopping!
